<?xml version="1.0" encoding="UTF-8"?>
<!-- Generated by org.testng.reporters.JUnitXMLReporter -->
<testsuite ignored="1" hostname="LAPTOP-558CDGM8" failures="0" tests="4" name="Default test" time="12.728" errors="0" timestamp="2024-01-05T10:16:38 IST">
  <testcase classname="RestAssureExamples.RestAssureHttpMethods" name="addPlaceInMaps" time="4.542"/>
  <testcase classname="RestAssureExamples.RestAssureHttpMethods" name="updateAddress" time="3.424"/>
  <testcase classname="RestAssureExamples.RestAssureHttpMethods" name="updateAddress" time="2.049"/>
  <testcase classname="RestAssureExamples.RestAssureHttpMethods" name="updateAddress" time="1.804"/>
  <testcase classname="RestAssureExamples.RestAssureHttpMethods" name="verifyAddress" time="0.0">
    <ignored/>
  </testcase> <!-- verifyAddress -->
</testsuite> <!-- Default test -->
