<?xml version="1.0" encoding="UTF-8"?>
<!-- Generated by org.testng.reporters.JUnitXMLReporter -->
<testsuite ignored="1" hostname="LAPTOP-558CDGM8" failures="0" tests="4" name="Test" time="10.594" errors="0" timestamp="2024-01-10T20:59:59 IST">
  <testcase classname="RestAssureExamples.RestAssureHttpMethods" name="addPlaceInMaps" time="5.93"/>
  <testcase classname="RestAssureExamples.RestAssureHttpMethods" name="updateAddress" time="1.586"/>
  <testcase classname="RestAssureExamples.RestAssureHttpMethods" name="updateAddress" time="1.163"/>
  <testcase classname="RestAssureExamples.RestAssureHttpMethods" name="updateAddress" time="1.834"/>
  <testcase classname="RestAssureExamples.RestAssureHttpMethods" name="verifyAddress" time="0.0">
    <ignored/>
  </testcase> <!-- verifyAddress -->
</testsuite> <!-- Test -->
