<?xml version="1.0" encoding="UTF-8"?>
<!-- Generated by org.testng.reporters.JUnitXMLReporter -->
<testsuite ignored="1" hostname="LAPTOP-558CDGM8" failures="0" tests="4" name="Test" time="12.174" errors="0" timestamp="2024-01-10T21:19:24 IST">
  <testcase classname="RestAssureExamples.RestAssureHttpMethods" name="addPlaceInMaps" time="5.633"/>
  <testcase classname="RestAssureExamples.RestAssureHttpMethods" name="updateAddress" time="2.533"/>
  <testcase classname="RestAssureExamples.RestAssureHttpMethods" name="updateAddress" time="2.1"/>
  <testcase classname="RestAssureExamples.RestAssureHttpMethods" name="updateAddress" time="1.835"/>
  <testcase classname="RestAssureExamples.RestAssureHttpMethods" name="verifyAddress" time="0.0">
    <ignored/>
  </testcase> <!-- verifyAddress -->
</testsuite> <!-- Test -->
