<?xml version="1.0" encoding="UTF-8"?>
<!-- Generated by org.testng.reporters.JUnitXMLReporter -->
<testsuite ignored="1" hostname="LAPTOP-558CDGM8" failures="0" tests="5" name="Test" time="13.278" errors="0" timestamp="2024-01-11T15:10:56 IST">
  <testcase classname="RestAssureExamples.RestAssureHttpMethods" name="addPlaceInMaps" time="5.306"/>
  <testcase classname="RestAssureExamples.RestAssureHttpMethods" name="updateAddress" time="2.927"/>
  <testcase classname="RestAssureExamples.RestAssureHttpMethods" name="updateAddress" time="2.095"/>
  <testcase classname="RestAssureExamples.RestAssureHttpMethods" name="updateAddress" time="2.815"/>
  <testcase classname="RestAssureExamples.RestAssureHttpMethods" name="browserValue" time="0.0"/>
  <testcase classname="RestAssureExamples.RestAssureHttpMethods" name="verifyAddress" time="0.0">
    <ignored/>
  </testcase> <!-- verifyAddress -->
</testsuite> <!-- Test -->
