<?xml version="1.0" encoding="UTF-8"?>
<testng-results ignored="0" total="5" passed="5" failed="0" skipped="0">
  <reporter-output>
  </reporter-output>
  <suite started-at="2024-01-11T15:10:43 IST" name="Suite" finished-at="2024-01-11T15:10:56 IST" duration-ms="13278">
    <groups>
      <group name="Regression Testing">
        <method signature="RestAssureHttpMethods.addPlaceInMaps()[pri:1, instance:RestAssureExamples.RestAssureHttpMethods@3270d194]" name="addPlaceInMaps" class="RestAssureExamples.RestAssureHttpMethods"/>
        <method signature="RestAssureHttpMethods.updateAddress(java.lang.String)[pri:2, instance:RestAssureExamples.RestAssureHttpMethods@3270d194]" name="updateAddress" class="RestAssureExamples.RestAssureHttpMethods"/>
        <method signature="RestAssureHttpMethods.browserValue(java.lang.String)[pri:3, instance:RestAssureExamples.RestAssureHttpMethods@3270d194]" name="browserValue" class="RestAssureExamples.RestAssureHttpMethods"/>
      </group> <!-- Regression Testing -->
    </groups>
    <test started-at="2024-01-11T15:10:43 IST" name="Test" finished-at="2024-01-11T15:10:56 IST" duration-ms="13278">
      <class name="RestAssureExamples.RestAssureHttpMethods">
        <test-method signature="addPlaceInMaps()[pri:1, instance:RestAssureExamples.RestAssureHttpMethods@3270d194]" started-at="2024-01-11T15:10:43 IST" name="addPlaceInMaps" finished-at="2024-01-11T15:10:48 IST" duration-ms="5306" status="PASS">
          <reporter-output>
          </reporter-output>
        </test-method> <!-- addPlaceInMaps -->
        <test-method signature="updateAddress(java.lang.String)[pri:2, instance:RestAssureExamples.RestAssureHttpMethods@3270d194]" started-at="2024-01-11T15:10:48 IST" name="updateAddress" data-provider="PayloadDta" finished-at="2024-01-11T15:10:51 IST" depends-on-methods="RestAssureExamples.RestAssureHttpMethods.addPlaceInMaps" duration-ms="2927" status="PASS">
          <params>
            <param index="0">
              <value>
                <![CDATA[Raja Street]]>
              </value>
            </param>
          </params>
          <reporter-output>
          </reporter-output>
        </test-method> <!-- updateAddress -->
        <test-method signature="updateAddress(java.lang.String)[pri:2, instance:RestAssureExamples.RestAssureHttpMethods@3270d194]" started-at="2024-01-11T15:10:51 IST" name="updateAddress" data-provider="PayloadDta" finished-at="2024-01-11T15:10:53 IST" depends-on-methods="RestAssureExamples.RestAssureHttpMethods.addPlaceInMaps" duration-ms="2095" status="PASS">
          <params>
            <param index="0">
              <value>
                <![CDATA[Sekar Street]]>
              </value>
            </param>
          </params>
          <reporter-output>
          </reporter-output>
        </test-method> <!-- updateAddress -->
        <test-method signature="updateAddress(java.lang.String)[pri:2, instance:RestAssureExamples.RestAssureHttpMethods@3270d194]" started-at="2024-01-11T15:10:53 IST" name="updateAddress" data-provider="PayloadDta" finished-at="2024-01-11T15:10:56 IST" depends-on-methods="RestAssureExamples.RestAssureHttpMethods.addPlaceInMaps" duration-ms="2815" status="PASS">
          <params>
            <param index="0">
              <value>
                <![CDATA[Archu Street]]>
              </value>
            </param>
          </params>
          <reporter-output>
          </reporter-output>
        </test-method> <!-- updateAddress -->
        <test-method signature="browserValue(java.lang.String)[pri:3, instance:RestAssureExamples.RestAssureHttpMethods@3270d194]" started-at="2024-01-11T15:10:56 IST" name="browserValue" finished-at="2024-01-11T15:10:56 IST" duration-ms="0" status="PASS">
          <params>
            <param index="0">
              <value>
                <![CDATA[Chrome]]>
              </value>
            </param>
          </params>
          <reporter-output>
          </reporter-output>
        </test-method> <!-- browserValue -->
      </class> <!-- RestAssureExamples.RestAssureHttpMethods -->
    </test> <!-- Test -->
  </suite> <!-- Suite -->
</testng-results>
