<?xml version="1.0" encoding="UTF-8"?>
<testng-results ignored="0" total="4" passed="4" failed="0" skipped="0">
  <reporter-output>
  </reporter-output>
  <suite started-at="2024-01-10T21:19:12 IST" name="Suite" finished-at="2024-01-10T21:19:24 IST" duration-ms="12174">
    <groups>
      <group name="Regression Testing">
        <method signature="RestAssureHttpMethods.addPlaceInMaps()[pri:1, instance:RestAssureExamples.RestAssureHttpMethods@a1153bc]" name="addPlaceInMaps" class="RestAssureExamples.RestAssureHttpMethods"/>
        <method signature="RestAssureHttpMethods.updateAddress(java.lang.String)[pri:0, instance:RestAssureExamples.RestAssureHttpMethods@a1153bc]" name="updateAddress" class="RestAssureExamples.RestAssureHttpMethods"/>
      </group> <!-- Regression Testing -->
    </groups>
    <test started-at="2024-01-10T21:19:12 IST" name="Test" finished-at="2024-01-10T21:19:24 IST" duration-ms="12174">
      <class name="RestAssureExamples.RestAssureHttpMethods">
        <test-method signature="addPlaceInMaps()[pri:1, instance:RestAssureExamples.RestAssureHttpMethods@a1153bc]" started-at="2024-01-10T21:19:12 IST" name="addPlaceInMaps" finished-at="2024-01-10T21:19:17 IST" duration-ms="5633" status="PASS">
          <reporter-output>
          </reporter-output>
        </test-method> <!-- addPlaceInMaps -->
        <test-method signature="updateAddress(java.lang.String)[pri:0, instance:RestAssureExamples.RestAssureHttpMethods@a1153bc]" started-at="2024-01-10T21:19:17 IST" name="updateAddress" data-provider="PayloadDta" finished-at="2024-01-10T21:19:20 IST" depends-on-methods="RestAssureExamples.RestAssureHttpMethods.addPlaceInMaps" duration-ms="2533" status="PASS">
          <params>
            <param index="0">
              <value>
                <![CDATA[Raja Street]]>
              </value>
            </param>
          </params>
          <reporter-output>
          </reporter-output>
        </test-method> <!-- updateAddress -->
        <test-method signature="updateAddress(java.lang.String)[pri:0, instance:RestAssureExamples.RestAssureHttpMethods@a1153bc]" started-at="2024-01-10T21:19:20 IST" name="updateAddress" data-provider="PayloadDta" finished-at="2024-01-10T21:19:22 IST" depends-on-methods="RestAssureExamples.RestAssureHttpMethods.addPlaceInMaps" duration-ms="2100" status="PASS">
          <params>
            <param index="0">
              <value>
                <![CDATA[Sekar Street]]>
              </value>
            </param>
          </params>
          <reporter-output>
          </reporter-output>
        </test-method> <!-- updateAddress -->
        <test-method signature="updateAddress(java.lang.String)[pri:0, instance:RestAssureExamples.RestAssureHttpMethods@a1153bc]" started-at="2024-01-10T21:19:22 IST" name="updateAddress" data-provider="PayloadDta" finished-at="2024-01-10T21:19:24 IST" depends-on-methods="RestAssureExamples.RestAssureHttpMethods.addPlaceInMaps" duration-ms="1835" status="PASS">
          <params>
            <param index="0">
              <value>
                <![CDATA[Archu Street]]>
              </value>
            </param>
          </params>
          <reporter-output>
          </reporter-output>
        </test-method> <!-- updateAddress -->
      </class> <!-- RestAssureExamples.RestAssureHttpMethods -->
    </test> <!-- Test -->
  </suite> <!-- Suite -->
</testng-results>
